<?xml version="1.0" encoding="UTF-8"?>
<testng-results skipped="0" failed="0" ignored="0" total="1" passed="1">
  <reporter-output>
  </reporter-output>
  <suite name="Command line suite" duration-ms="17314" started-at="2023-04-25T19:19:21 BDT" finished-at="2023-04-25T19:19:38 BDT">
    <groups>
    </groups>
    <test name="Command line test" duration-ms="17314" started-at="2023-04-25T19:19:21 BDT" finished-at="2023-04-25T19:19:38 BDT">
      <class name="testCases.TestProduct">
        <test-method status="PASS" signature="setup()[pri:0, instance:testCases.TestProduct@a514af7]" name="setup" is-config="true" duration-ms="3007" started-at="2023-04-25T19:19:21 BDT" finished-at="2023-04-25T19:19:24 BDT">
          <reporter-output>
          </reporter-output>
        </test-method> <!-- setup -->
        <test-method status="PASS" signature="test_product()[pri:1, instance:testCases.TestProduct@a514af7]" name="test_product" duration-ms="14077" started-at="2023-04-25T19:19:24 BDT" finished-at="2023-04-25T19:19:38 BDT">
          <reporter-output>
          </reporter-output>
        </test-method> <!-- test_product -->
        <test-method status="PASS" signature="teardown()[pri:0, instance:testCases.TestProduct@a514af7]" name="teardown" is-config="true" duration-ms="0" started-at="2023-04-25T19:19:38 BDT" finished-at="2023-04-25T19:19:38 BDT">
          <reporter-output>
          </reporter-output>
        </test-method> <!-- teardown -->
      </class> <!-- testCases.TestProduct -->
    </test> <!-- Command line test -->
  </suite> <!-- Command line suite -->
</testng-results>
